<?xml version="1.0" encoding="UTF-8"?>
<!-- Generated by org.testng.reporters.JUnitReportReporter -->
<testsuite hostname="Likhitha" failures="0" tests="4" name="CrossBrowserTesting.CrossBrowser" time="15.793" errors="0" timestamp="2024-06-17T14:44:25 IST" skipped="0">
  <testcase classname="CrossBrowserTesting.CrossBrowser" name="launchBrowser" time="1.578"/>
  <testcase classname="CrossBrowserTesting.CrossBrowser" name="launchURL" time="4.315"/>
  <testcase classname="CrossBrowserTesting.CrossBrowser" name="launchURL" time="4.054"/>
  <testcase classname="CrossBrowserTesting.CrossBrowser" name="launchBrowser" time="5.846"/>
</testsuite> <!-- CrossBrowserTesting.CrossBrowser -->
