<?xml version="1.0" encoding="UTF-8"?>
<!-- Generated by org.testng.reporters.JUnitReportReporter -->
<testsuite hostname="Likhitha" failures="0" tests="1" name="DataProvider.dataProvider" time="2.092" errors="0" timestamp="2024-06-17T14:07:17 IST" skipped="0">
  <testcase classname="DataProvider.dataProvider" name="searchJacket" time="2.092"/>
</testsuite> <!-- DataProvider.dataProvider -->
